{"C:\\Users\\shiphira.wamaitha\\Desktop\\projects\\Vault\\src\\lib\\device-detection.ts": {"path":"C:\\Users\\shiphira.wamaitha\\Desktop\\projects\\Vault\\src\\lib\\device-detection.ts","statementMap":{"0":{"start":{"line":5,"column":13},"end":{"line":5,"column":null}},"1":{"start":{"line":6,"column":19},"end":{"line":6,"column":null}},"2":{"start":{"line":9,"column":2},"end":{"line":19,"column":null}},"3":{"start":{"line":10,"column":4},"end":{"line":10,"column":null}},"4":{"start":{"line":11,"column":2},"end":{"line":19,"column":null}},"5":{"start":{"line":12,"column":4},"end":{"line":12,"column":null}},"6":{"start":{"line":13,"column":2},"end":{"line":19,"column":null}},"7":{"start":{"line":14,"column":4},"end":{"line":14,"column":null}},"8":{"start":{"line":15,"column":2},"end":{"line":19,"column":null}},"9":{"start":{"line":16,"column":4},"end":{"line":16,"column":null}},"10":{"start":{"line":17,"column":2},"end":{"line":19,"column":null}},"11":{"start":{"line":18,"column":4},"end":{"line":18,"column":null}},"12":{"start":{"line":22,"column":16},"end":{"line":22,"column":null}},"13":{"start":{"line":23,"column":2},"end":{"line":33,"column":null}},"14":{"start":{"line":24,"column":4},"end":{"line":24,"column":null}},"15":{"start":{"line":25,"column":2},"end":{"line":33,"column":null}},"16":{"start":{"line":26,"column":4},"end":{"line":26,"column":null}},"17":{"start":{"line":27,"column":2},"end":{"line":33,"column":null}},"18":{"start":{"line":28,"column":4},"end":{"line":28,"column":null}},"19":{"start":{"line":29,"column":2},"end":{"line":33,"column":null}},"20":{"start":{"line":30,"column":4},"end":{"line":30,"column":null}},"21":{"start":{"line":31,"column":2},"end":{"line":33,"column":null}},"22":{"start":{"line":32,"column":4},"end":{"line":32,"column":null}},"23":{"start":{"line":35,"column":2},"end":{"line":35,"column":null}},"24":{"start":{"line":44,"column":2},"end":{"line":44,"column":null}},"25":{"start":{"line":44,"column":37},"end":{"line":44,"column":null}},"26":{"start":{"line":46,"column":22},"end":{"line":46,"column":null}},"27":{"start":{"line":47,"column":12},"end":{"line":47,"column":null}},"28":{"start":{"line":49,"column":2},"end":{"line":58,"column":null}},"29":{"start":{"line":51,"column":18},"end":{"line":51,"column":null}},"30":{"start":{"line":52,"column":18},"end":{"line":52,"column":null}},"31":{"start":{"line":53,"column":4},"end":{"line":55,"column":null}},"32":{"start":{"line":53,"column":17},"end":{"line":53,"column":20}},"33":{"start":{"line":54,"column":6},"end":{"line":54,"column":null}},"34":{"start":{"line":56,"column":4},"end":{"line":56,"column":null}},"35":{"start":{"line":57,"column":4},"end":{"line":57,"column":null}},"36":{"start":{"line":60,"column":2},"end":{"line":60,"column":null}}},"fnMap":{"0":{"name":"getDeviceName","decl":{"start":{"line":4,"column":16},"end":{"line":4,"column":40}},"loc":{"start":{"line":4,"column":40},"end":{"line":36,"column":null}},"line":4},"1":{"name":"getDeviceMacAddress","decl":{"start":{"line":43,"column":16},"end":{"line":43,"column":46}},"loc":{"start":{"line":43,"column":46},"end":{"line":61,"column":null}},"line":43}},"branchMap":{"0":{"loc":{"start":{"line":9,"column":2},"end":{"line":19,"column":null}},"type":"if","locations":[{"start":{"line":9,"column":2},"end":{"line":19,"column":null}},{"start":{"line":11,"column":2},"end":{"line":19,"column":null}}],"line":9},"1":{"loc":{"start":{"line":11,"column":2},"end":{"line":19,"column":null}},"type":"if","locations":[{"start":{"line":11,"column":2},"end":{"line":19,"column":null}},{"start":{"line":13,"column":2},"end":{"line":19,"column":null}}],"line":11},"2":{"loc":{"start":{"line":13,"column":2},"end":{"line":19,"column":null}},"type":"if","locations":[{"start":{"line":13,"column":2},"end":{"line":19,"column":null}},{"start":{"line":15,"column":2},"end":{"line":19,"column":null}}],"line":13},"3":{"loc":{"start":{"line":15,"column":2},"end":{"line":19,"column":null}},"type":"if","locations":[{"start":{"line":15,"column":2},"end":{"line":19,"column":null}},{"start":{"line":17,"column":2},"end":{"line":19,"column":null}}],"line":15},"4":{"loc":{"start":{"line":17,"column":2},"end":{"line":19,"column":null}},"type":"if","locations":[{"start":{"line":17,"column":2},"end":{"line":19,"column":null}},{"start":{},"end":{}}],"line":17},"5":{"loc":{"start":{"line":23,"column":2},"end":{"line":33,"column":null}},"type":"if","locations":[{"start":{"line":23,"column":2},"end":{"line":33,"column":null}},{"start":{"line":25,"column":2},"end":{"line":33,"column":null}}],"line":23},"6":{"loc":{"start":{"line":25,"column":2},"end":{"line":33,"column":null}},"type":"if","locations":[{"start":{"line":25,"column":2},"end":{"line":33,"column":null}},{"start":{"line":27,"column":2},"end":{"line":33,"column":null}}],"line":25},"7":{"loc":{"start":{"line":27,"column":2},"end":{"line":33,"column":null}},"type":"if","locations":[{"start":{"line":27,"column":2},"end":{"line":33,"column":null}},{"start":{"line":29,"column":2},"end":{"line":33,"column":null}}],"line":27},"8":{"loc":{"start":{"line":29,"column":2},"end":{"line":33,"column":null}},"type":"if","locations":[{"start":{"line":29,"column":2},"end":{"line":33,"column":null}},{"start":{"line":31,"column":2},"end":{"line":33,"column":null}}],"line":29},"9":{"loc":{"start":{"line":31,"column":2},"end":{"line":33,"column":null}},"type":"if","locations":[{"start":{"line":31,"column":2},"end":{"line":33,"column":null}},{"start":{},"end":{}}],"line":31},"10":{"loc":{"start":{"line":44,"column":2},"end":{"line":44,"column":null}},"type":"if","locations":[{"start":{"line":44,"column":2},"end":{"line":44,"column":null}},{"start":{},"end":{}}],"line":44},"11":{"loc":{"start":{"line":49,"column":2},"end":{"line":58,"column":null}},"type":"if","locations":[{"start":{"line":49,"column":2},"end":{"line":58,"column":null}},{"start":{},"end":{}}],"line":49}},"s":{"0":1,"1":1,"2":1,"3":0,"4":1,"5":0,"6":1,"7":0,"8":1,"9":0,"10":1,"11":0,"12":1,"13":1,"14":0,"15":1,"16":0,"17":1,"18":0,"19":1,"20":0,"21":1,"22":0,"23":1,"24":2,"25":0,"26":2,"27":2,"28":2,"29":1,"30":1,"31":1,"32":1,"33":6,"34":1,"35":1,"36":2},"f":{"0":1,"1":2},"b":{"0":[0,1],"1":[0,1],"2":[0,1],"3":[0,1],"4":[0,1],"5":[0,1],"6":[0,1],"7":[0,1],"8":[0,1],"9":[0,1],"10":[0,2],"11":[1,1]},"meta":{"lastBranch":12,"lastFunction":2,"lastStatement":37,"seen":{"f:4:16:4:40":0,"s:5:13:5:Infinity":0,"s:6:19:6:Infinity":1,"b:9:2:19:Infinity:11:2:19:Infinity":0,"s:9:2:19:Infinity":2,"s:10:4:10:Infinity":3,"b:11:2:19:Infinity:13:2:19:Infinity":1,"s:11:2:19:Infinity":4,"s:12:4:12:Infinity":5,"b:13:2:19:Infinity:15:2:19:Infinity":2,"s:13:2:19:Infinity":6,"s:14:4:14:Infinity":7,"b:15:2:19:Infinity:17:2:19:Infinity":3,"s:15:2:19:Infinity":8,"s:16:4:16:Infinity":9,"b:17:2:19:Infinity:undefined:undefined:undefined:undefined":4,"s:17:2:19:Infinity":10,"s:18:4:18:Infinity":11,"s:22:16:22:Infinity":12,"b:23:2:33:Infinity:25:2:33:Infinity":5,"s:23:2:33:Infinity":13,"s:24:4:24:Infinity":14,"b:25:2:33:Infinity:27:2:33:Infinity":6,"s:25:2:33:Infinity":15,"s:26:4:26:Infinity":16,"b:27:2:33:Infinity:29:2:33:Infinity":7,"s:27:2:33:Infinity":17,"s:28:4:28:Infinity":18,"b:29:2:33:Infinity:31:2:33:Infinity":8,"s:29:2:33:Infinity":19,"s:30:4:30:Infinity":20,"b:31:2:33:Infinity:undefined:undefined:undefined:undefined":9,"s:31:2:33:Infinity":21,"s:32:4:32:Infinity":22,"s:35:2:35:Infinity":23,"f:43:16:43:46":1,"b:44:2:44:Infinity:undefined:undefined:undefined:undefined":10,"s:44:2:44:Infinity":24,"s:44:37:44:Infinity":25,"s:46:22:46:Infinity":26,"s:47:12:47:Infinity":27,"b:49:2:58:Infinity:undefined:undefined:undefined:undefined":11,"s:49:2:58:Infinity":28,"s:51:18:51:Infinity":29,"s:52:18:52:Infinity":30,"s:53:4:55:Infinity":31,"s:53:17:53:20":32,"s:54:6:54:Infinity":33,"s:56:4:56:Infinity":34,"s:57:4:57:Infinity":35,"s:60:2:60:Infinity":36},"fnNames":{}}}
,"C:\\Users\\shiphira.wamaitha\\Desktop\\projects\\Vault\\src\\lib\\fraud-protection.ts": {"path":"C:\\Users\\shiphira.wamaitha\\Desktop\\projects\\Vault\\src\\lib\\fraud-protection.ts","statementMap":{"0":{"start":{"line":13,"column":25},"end":{"line":13,"column":null}},"1":{"start":{"line":15,"column":27},"end":{"line":19,"column":null}},"2":{"start":{"line":21,"column":2},"end":{"line":24,"column":null}},"3":{"start":{"line":22,"column":4},"end":{"line":22,"column":null}},"4":{"start":{"line":23,"column":4},"end":{"line":23,"column":null}},"5":{"start":{"line":26,"column":2},"end":{"line":32,"column":null}},"6":{"start":{"line":27,"column":4},"end":{"line":31,"column":null}},"7":{"start":{"line":34,"column":2},"end":{"line":34,"column":null}},"8":{"start":{"line":45,"column":26},"end":{"line":50,"column":null}},"9":{"start":{"line":52,"column":2},"end":{"line":55,"column":null}},"10":{"start":{"line":53,"column":4},"end":{"line":53,"column":null}},"11":{"start":{"line":54,"column":4},"end":{"line":54,"column":null}},"12":{"start":{"line":58,"column":2},"end":{"line":60,"column":null}},"13":{"start":{"line":59,"column":4},"end":{"line":59,"column":null}},"14":{"start":{"line":62,"column":14},"end":{"line":62,"column":null}},"15":{"start":{"line":62,"column":39},"end":{"line":62,"column":64}},"16":{"start":{"line":63,"column":20},"end":{"line":63,"column":null}},"17":{"start":{"line":65,"column":2},"end":{"line":71,"column":null}},"18":{"start":{"line":66,"column":4},"end":{"line":70,"column":null}},"19":{"start":{"line":73,"column":2},"end":{"line":73,"column":null}},"20":{"start":{"line":84,"column":40},"end":{"line":87,"column":null}},"21":{"start":{"line":89,"column":2},"end":{"line":89,"column":null}},"22":{"start":{"line":89,"column":35},"end":{"line":89,"column":null}},"23":{"start":{"line":90,"column":2},"end":{"line":90,"column":null}},"24":{"start":{"line":90,"column":32},"end":{"line":90,"column":null}},"25":{"start":{"line":92,"column":2},"end":{"line":92,"column":null}}},"fnMap":{"0":{"name":"checkVelocity","decl":{"start":{"line":12,"column":22},"end":{"line":12,"column":36}},"loc":{"start":{"line":12,"column":79},"end":{"line":35,"column":null}},"line":12},"1":{"name":"checkValueSpike","decl":{"start":{"line":41,"column":22},"end":{"line":41,"column":null}},"loc":{"start":{"line":44,"column":29},"end":{"line":74,"column":null}},"line":44},"2":{"name":"(anonymous_2)","decl":{"start":{"line":62,"column":26},"end":{"line":62,"column":27}},"loc":{"start":{"line":62,"column":39},"end":{"line":62,"column":64}},"line":62},"3":{"name":"evaluateTransaction","decl":{"start":{"line":79,"column":22},"end":{"line":79,"column":null}},"loc":{"start":{"line":82,"column":29},"end":{"line":93,"column":null}},"line":82}},"branchMap":{"0":{"loc":{"start":{"line":21,"column":2},"end":{"line":24,"column":null}},"type":"if","locations":[{"start":{"line":21,"column":2},"end":{"line":24,"column":null}},{"start":{},"end":{}}],"line":21},"1":{"loc":{"start":{"line":26,"column":2},"end":{"line":32,"column":null}},"type":"if","locations":[{"start":{"line":26,"column":2},"end":{"line":32,"column":null}},{"start":{},"end":{}}],"line":26},"2":{"loc":{"start":{"line":26,"column":6},"end":{"line":26,"column":36}},"type":"binary-expr","locations":[{"start":{"line":26,"column":6},"end":{"line":26,"column":24}},{"start":{"line":26,"column":24},"end":{"line":26,"column":36}}],"line":26},"3":{"loc":{"start":{"line":52,"column":2},"end":{"line":55,"column":null}},"type":"if","locations":[{"start":{"line":52,"column":2},"end":{"line":55,"column":null}},{"start":{},"end":{}}],"line":52},"4":{"loc":{"start":{"line":58,"column":2},"end":{"line":60,"column":null}},"type":"if","locations":[{"start":{"line":58,"column":2},"end":{"line":60,"column":null}},{"start":{},"end":{}}],"line":58},"5":{"loc":{"start":{"line":58,"column":6},"end":{"line":58,"column":32}},"type":"binary-expr","locations":[{"start":{"line":58,"column":6},"end":{"line":58,"column":15}},{"start":{"line":58,"column":15},"end":{"line":58,"column":32}}],"line":58},"6":{"loc":{"start":{"line":65,"column":2},"end":{"line":71,"column":null}},"type":"if","locations":[{"start":{"line":65,"column":2},"end":{"line":71,"column":null}},{"start":{},"end":{}}],"line":65},"7":{"loc":{"start":{"line":89,"column":2},"end":{"line":89,"column":null}},"type":"if","locations":[{"start":{"line":89,"column":2},"end":{"line":89,"column":null}},{"start":{},"end":{}}],"line":89},"8":{"loc":{"start":{"line":90,"column":2},"end":{"line":90,"column":null}},"type":"if","locations":[{"start":{"line":90,"column":2},"end":{"line":90,"column":null}},{"start":{},"end":{}}],"line":90}},"s":{"0":2,"1":2,"2":2,"3":0,"4":0,"5":2,"6":1,"7":1,"8":2,"9":2,"10":0,"11":0,"12":2,"13":0,"14":2,"15":6,"16":2,"17":2,"18":1,"19":1,"20":0,"21":0,"22":0,"23":0,"24":0,"25":0},"f":{"0":2,"1":2,"2":6,"3":0},"b":{"0":[0,2],"1":[1,1],"2":[2,2],"3":[0,2],"4":[0,2],"5":[2,2],"6":[1,1],"7":[0,0],"8":[0,0]},"meta":{"lastBranch":9,"lastFunction":4,"lastStatement":26,"seen":{"f:12:22:12:36":0,"s:13:25:13:Infinity":0,"s:15:27:19:Infinity":1,"b:21:2:24:Infinity:undefined:undefined:undefined:undefined":0,"s:21:2:24:Infinity":2,"s:22:4:22:Infinity":3,"s:23:4:23:Infinity":4,"b:26:2:32:Infinity:undefined:undefined:undefined:undefined":1,"s:26:2:32:Infinity":5,"b:26:6:26:24:26:24:26:36":2,"s:27:4:31:Infinity":6,"s:34:2:34:Infinity":7,"f:41:22:41:Infinity":1,"s:45:26:50:Infinity":8,"b:52:2:55:Infinity:undefined:undefined:undefined:undefined":3,"s:52:2:55:Infinity":9,"s:53:4:53:Infinity":10,"s:54:4:54:Infinity":11,"b:58:2:60:Infinity:undefined:undefined:undefined:undefined":4,"s:58:2:60:Infinity":12,"b:58:6:58:15:58:15:58:32":5,"s:59:4:59:Infinity":13,"s:62:14:62:Infinity":14,"f:62:26:62:27":2,"s:62:39:62:64":15,"s:63:20:63:Infinity":16,"b:65:2:71:Infinity:undefined:undefined:undefined:undefined":6,"s:65:2:71:Infinity":17,"s:66:4:70:Infinity":18,"s:73:2:73:Infinity":19,"f:79:22:79:Infinity":3,"s:84:40:87:Infinity":20,"b:89:2:89:Infinity:undefined:undefined:undefined:undefined":7,"s:89:2:89:Infinity":21,"s:89:35:89:Infinity":22,"b:90:2:90:Infinity:undefined:undefined:undefined:undefined":8,"s:90:2:90:Infinity":23,"s:90:32:90:Infinity":24,"s:92:2:92:Infinity":25},"fnNames":{}}}
,"C:\\Users\\shiphira.wamaitha\\Desktop\\projects\\Vault\\src\\lib\\utils.ts": {"path":"C:\\Users\\shiphira.wamaitha\\Desktop\\projects\\Vault\\src\\lib\\utils.ts","statementMap":{"0":{"start":{"line":5,"column":17},"end":{"line":5,"column":null}},"1":{"start":{"line":6,"column":16},"end":{"line":6,"column":null}},"2":{"start":{"line":7,"column":2},"end":{"line":7,"column":null}},"3":{"start":{"line":8,"column":2},"end":{"line":8,"column":null}},"4":{"start":{"line":12,"column":2},"end":{"line":12,"column":null}},"5":{"start":{"line":16,"column":2},"end":{"line":16,"column":null}},"6":{"start":{"line":20,"column":18},"end":{"line":20,"column":null}},"7":{"start":{"line":21,"column":15},"end":{"line":21,"column":null}},"8":{"start":{"line":22,"column":21},"end":{"line":22,"column":null}},"9":{"start":{"line":23,"column":20},"end":{"line":23,"column":null}},"10":{"start":{"line":24,"column":18},"end":{"line":24,"column":null}},"11":{"start":{"line":24,"column":39},"end":{"line":24,"column":70}},"12":{"start":{"line":25,"column":2},"end":{"line":25,"column":null}},"13":{"start":{"line":29,"column":2},"end":{"line":34,"column":null}},"14":{"start":{"line":38,"column":26},"end":{"line":38,"column":null}},"15":{"start":{"line":39,"column":25},"end":{"line":39,"column":null}},"16":{"start":{"line":40,"column":2},"end":{"line":40,"column":null}},"17":{"start":{"line":44,"column":15},"end":{"line":44,"column":null}},"18":{"start":{"line":45,"column":2},"end":{"line":45,"column":null}},"19":{"start":{"line":45,"column":13},"end":{"line":45,"column":null}},"20":{"start":{"line":46,"column":2},"end":{"line":46,"column":null}},"21":{"start":{"line":46,"column":57},"end":{"line":46,"column":null}},"22":{"start":{"line":47,"column":2},"end":{"line":47,"column":null}},"23":{"start":{"line":51,"column":2},"end":{"line":68,"column":null}},"24":{"start":{"line":53,"column":4},"end":{"line":53,"column":null}},"25":{"start":{"line":53,"column":20},"end":{"line":53,"column":null}},"26":{"start":{"line":54,"column":4},"end":{"line":54,"column":null}},"27":{"start":{"line":54,"column":23},"end":{"line":54,"column":null}},"28":{"start":{"line":55,"column":4},"end":{"line":55,"column":null}},"29":{"start":{"line":55,"column":23},"end":{"line":55,"column":null}},"30":{"start":{"line":56,"column":4},"end":{"line":56,"column":null}},"31":{"start":{"line":56,"column":24},"end":{"line":56,"column":null}},"32":{"start":{"line":57,"column":4},"end":{"line":57,"column":null}},"33":{"start":{"line":57,"column":24},"end":{"line":57,"column":null}},"34":{"start":{"line":58,"column":4},"end":{"line":58,"column":null}},"35":{"start":{"line":58,"column":24},"end":{"line":58,"column":null}},"36":{"start":{"line":59,"column":4},"end":{"line":59,"column":null}},"37":{"start":{"line":59,"column":24},"end":{"line":59,"column":null}},"38":{"start":{"line":60,"column":4},"end":{"line":60,"column":null}},"39":{"start":{"line":60,"column":24},"end":{"line":60,"column":null}},"40":{"start":{"line":61,"column":4},"end":{"line":61,"column":null}},"41":{"start":{"line":61,"column":24},"end":{"line":61,"column":null}},"42":{"start":{"line":62,"column":4},"end":{"line":62,"column":null}},"43":{"start":{"line":62,"column":25},"end":{"line":62,"column":null}},"44":{"start":{"line":63,"column":4},"end":{"line":63,"column":null}},"45":{"start":{"line":63,"column":25},"end":{"line":63,"column":null}},"46":{"start":{"line":64,"column":4},"end":{"line":64,"column":null}},"47":{"start":{"line":64,"column":25},"end":{"line":64,"column":null}},"48":{"start":{"line":65,"column":4},"end":{"line":65,"column":null}},"49":{"start":{"line":65,"column":25},"end":{"line":65,"column":null}},"50":{"start":{"line":66,"column":4},"end":{"line":66,"column":null}},"51":{"start":{"line":66,"column":25},"end":{"line":66,"column":null}},"52":{"start":{"line":67,"column":4},"end":{"line":67,"column":null}},"53":{"start":{"line":71,"column":2},"end":{"line":71,"column":null}},"54":{"start":{"line":71,"column":19},"end":{"line":71,"column":null}},"55":{"start":{"line":72,"column":2},"end":{"line":72,"column":null}},"56":{"start":{"line":72,"column":20},"end":{"line":72,"column":null}},"57":{"start":{"line":73,"column":2},"end":{"line":73,"column":null}},"58":{"start":{"line":73,"column":20},"end":{"line":73,"column":null}},"59":{"start":{"line":74,"column":2},"end":{"line":74,"column":null}},"60":{"start":{"line":74,"column":21},"end":{"line":74,"column":null}},"61":{"start":{"line":75,"column":2},"end":{"line":75,"column":null}},"62":{"start":{"line":75,"column":21},"end":{"line":75,"column":null}},"63":{"start":{"line":76,"column":2},"end":{"line":76,"column":null}}},"fnMap":{"0":{"name":"formatWithCommas","decl":{"start":{"line":4,"column":16},"end":{"line":4,"column":33}},"loc":{"start":{"line":4,"column":65},"end":{"line":9,"column":null}},"line":4},"1":{"name":"parseFormattedNumber","decl":{"start":{"line":11,"column":16},"end":{"line":11,"column":37}},"loc":{"start":{"line":11,"column":60},"end":{"line":13,"column":null}},"line":11},"2":{"name":"cn","decl":{"start":{"line":15,"column":16},"end":{"line":15,"column":22}},"loc":{"start":{"line":15,"column":44},"end":{"line":17,"column":null}},"line":15},"3":{"name":"hashPin","decl":{"start":{"line":19,"column":22},"end":{"line":19,"column":30}},"loc":{"start":{"line":19,"column":60},"end":{"line":26,"column":null}},"line":19},"4":{"name":"(anonymous_4)","decl":{"start":{"line":24,"column":32},"end":{"line":24,"column":33}},"loc":{"start":{"line":24,"column":39},"end":{"line":24,"column":70}},"line":24},"5":{"name":"normalizeKycNamePart","decl":{"start":{"line":28,"column":16},"end":{"line":28,"column":37}},"loc":{"start":{"line":28,"column":52},"end":{"line":35,"column":null}},"line":28},"6":{"name":"formatKycTag","decl":{"start":{"line":37,"column":16},"end":{"line":37,"column":29}},"loc":{"start":{"line":37,"column":66},"end":{"line":41,"column":null}},"line":37},"7":{"name":"getCurrencyForNationality","decl":{"start":{"line":43,"column":16},"end":{"line":43,"column":42}},"loc":{"start":{"line":43,"column":79},"end":{"line":48,"column":null}},"line":43},"8":{"name":"calculateTransactionFee","decl":{"start":{"line":50,"column":16},"end":{"line":50,"column":40}},"loc":{"start":{"line":50,"column":82},"end":{"line":77,"column":null}},"line":50}},"branchMap":{"0":{"loc":{"start":{"line":38,"column":26},"end":{"line":38,"column":null}},"type":"binary-expr","locations":[{"start":{"line":38,"column":26},"end":{"line":38,"column":61}},{"start":{"line":38,"column":61},"end":{"line":38,"column":null}}],"line":38},"1":{"loc":{"start":{"line":39,"column":25},"end":{"line":39,"column":null}},"type":"binary-expr","locations":[{"start":{"line":39,"column":25},"end":{"line":39,"column":59}},{"start":{"line":39,"column":59},"end":{"line":39,"column":null}}],"line":39},"2":{"loc":{"start":{"line":44,"column":15},"end":{"line":44,"column":null}},"type":"binary-expr","locations":[{"start":{"line":44,"column":15},"end":{"line":44,"column":52}},{"start":{"line":44,"column":52},"end":{"line":44,"column":null}}],"line":44},"3":{"loc":{"start":{"line":45,"column":2},"end":{"line":45,"column":null}},"type":"if","locations":[{"start":{"line":45,"column":2},"end":{"line":45,"column":null}},{"start":{},"end":{}}],"line":45},"4":{"loc":{"start":{"line":46,"column":2},"end":{"line":46,"column":null}},"type":"if","locations":[{"start":{"line":46,"column":2},"end":{"line":46,"column":null}},{"start":{},"end":{}}],"line":46},"5":{"loc":{"start":{"line":46,"column":6},"end":{"line":46,"column":57}},"type":"binary-expr","locations":[{"start":{"line":46,"column":6},"end":{"line":46,"column":32}},{"start":{"line":46,"column":32},"end":{"line":46,"column":57}}],"line":46},"6":{"loc":{"start":{"line":51,"column":2},"end":{"line":68,"column":null}},"type":"if","locations":[{"start":{"line":51,"column":2},"end":{"line":68,"column":null}},{"start":{},"end":{}}],"line":51},"7":{"loc":{"start":{"line":51,"column":6},"end":{"line":51,"column":48}},"type":"binary-expr","locations":[{"start":{"line":51,"column":6},"end":{"line":51,"column":28}},{"start":{"line":51,"column":28},"end":{"line":51,"column":48}}],"line":51},"8":{"loc":{"start":{"line":53,"column":4},"end":{"line":53,"column":null}},"type":"if","locations":[{"start":{"line":53,"column":4},"end":{"line":53,"column":null}},{"start":{},"end":{}}],"line":53},"9":{"loc":{"start":{"line":54,"column":4},"end":{"line":54,"column":null}},"type":"if","locations":[{"start":{"line":54,"column":4},"end":{"line":54,"column":null}},{"start":{},"end":{}}],"line":54},"10":{"loc":{"start":{"line":55,"column":4},"end":{"line":55,"column":null}},"type":"if","locations":[{"start":{"line":55,"column":4},"end":{"line":55,"column":null}},{"start":{},"end":{}}],"line":55},"11":{"loc":{"start":{"line":56,"column":4},"end":{"line":56,"column":null}},"type":"if","locations":[{"start":{"line":56,"column":4},"end":{"line":56,"column":null}},{"start":{},"end":{}}],"line":56},"12":{"loc":{"start":{"line":57,"column":4},"end":{"line":57,"column":null}},"type":"if","locations":[{"start":{"line":57,"column":4},"end":{"line":57,"column":null}},{"start":{},"end":{}}],"line":57},"13":{"loc":{"start":{"line":58,"column":4},"end":{"line":58,"column":null}},"type":"if","locations":[{"start":{"line":58,"column":4},"end":{"line":58,"column":null}},{"start":{},"end":{}}],"line":58},"14":{"loc":{"start":{"line":59,"column":4},"end":{"line":59,"column":null}},"type":"if","locations":[{"start":{"line":59,"column":4},"end":{"line":59,"column":null}},{"start":{},"end":{}}],"line":59},"15":{"loc":{"start":{"line":60,"column":4},"end":{"line":60,"column":null}},"type":"if","locations":[{"start":{"line":60,"column":4},"end":{"line":60,"column":null}},{"start":{},"end":{}}],"line":60},"16":{"loc":{"start":{"line":61,"column":4},"end":{"line":61,"column":null}},"type":"if","locations":[{"start":{"line":61,"column":4},"end":{"line":61,"column":null}},{"start":{},"end":{}}],"line":61},"17":{"loc":{"start":{"line":62,"column":4},"end":{"line":62,"column":null}},"type":"if","locations":[{"start":{"line":62,"column":4},"end":{"line":62,"column":null}},{"start":{},"end":{}}],"line":62},"18":{"loc":{"start":{"line":63,"column":4},"end":{"line":63,"column":null}},"type":"if","locations":[{"start":{"line":63,"column":4},"end":{"line":63,"column":null}},{"start":{},"end":{}}],"line":63},"19":{"loc":{"start":{"line":64,"column":4},"end":{"line":64,"column":null}},"type":"if","locations":[{"start":{"line":64,"column":4},"end":{"line":64,"column":null}},{"start":{},"end":{}}],"line":64},"20":{"loc":{"start":{"line":65,"column":4},"end":{"line":65,"column":null}},"type":"if","locations":[{"start":{"line":65,"column":4},"end":{"line":65,"column":null}},{"start":{},"end":{}}],"line":65},"21":{"loc":{"start":{"line":66,"column":4},"end":{"line":66,"column":null}},"type":"if","locations":[{"start":{"line":66,"column":4},"end":{"line":66,"column":null}},{"start":{},"end":{}}],"line":66},"22":{"loc":{"start":{"line":71,"column":2},"end":{"line":71,"column":null}},"type":"if","locations":[{"start":{"line":71,"column":2},"end":{"line":71,"column":null}},{"start":{},"end":{}}],"line":71},"23":{"loc":{"start":{"line":72,"column":2},"end":{"line":72,"column":null}},"type":"if","locations":[{"start":{"line":72,"column":2},"end":{"line":72,"column":null}},{"start":{},"end":{}}],"line":72},"24":{"loc":{"start":{"line":73,"column":2},"end":{"line":73,"column":null}},"type":"if","locations":[{"start":{"line":73,"column":2},"end":{"line":73,"column":null}},{"start":{},"end":{}}],"line":73},"25":{"loc":{"start":{"line":74,"column":2},"end":{"line":74,"column":null}},"type":"if","locations":[{"start":{"line":74,"column":2},"end":{"line":74,"column":null}},{"start":{},"end":{}}],"line":74},"26":{"loc":{"start":{"line":75,"column":2},"end":{"line":75,"column":null}},"type":"if","locations":[{"start":{"line":75,"column":2},"end":{"line":75,"column":null}},{"start":{},"end":{}}],"line":75}},"s":{"0":3,"1":3,"2":3,"3":3,"4":2,"5":0,"6":0,"7":0,"8":0,"9":0,"10":0,"11":0,"12":0,"13":4,"14":2,"15":2,"16":2,"17":0,"18":0,"19":0,"20":0,"21":0,"22":0,"23":6,"24":3,"25":0,"26":3,"27":1,"28":2,"29":0,"30":2,"31":2,"32":1,"33":0,"34":1,"35":0,"36":1,"37":0,"38":1,"39":0,"40":1,"41":0,"42":1,"43":0,"44":1,"45":0,"46":1,"47":0,"48":1,"49":0,"50":1,"51":0,"52":1,"53":3,"54":0,"55":3,"56":1,"57":2,"58":0,"59":2,"60":2,"61":1,"62":0,"63":1},"f":{"0":3,"1":2,"2":0,"3":0,"4":0,"5":4,"6":2,"7":0,"8":6},"b":{"0":[2,0],"1":[2,0],"2":[0,0],"3":[0,0],"4":[0,0],"5":[0,0],"6":[3,3],"7":[6,3],"8":[0,3],"9":[1,2],"10":[0,2],"11":[1,1],"12":[0,1],"13":[0,1],"14":[0,1],"15":[0,1],"16":[0,1],"17":[0,1],"18":[0,1],"19":[0,1],"20":[0,1],"21":[0,1],"22":[0,3],"23":[1,2],"24":[0,2],"25":[1,1],"26":[0,1]},"meta":{"lastBranch":27,"lastFunction":9,"lastStatement":64,"seen":{"f:4:16:4:33":0,"s:5:17:5:Infinity":0,"s:6:16:6:Infinity":1,"s:7:2:7:Infinity":2,"s:8:2:8:Infinity":3,"f:11:16:11:37":1,"s:12:2:12:Infinity":4,"f:15:16:15:22":2,"s:16:2:16:Infinity":5,"f:19:22:19:30":3,"s:20:18:20:Infinity":6,"s:21:15:21:Infinity":7,"s:22:21:22:Infinity":8,"s:23:20:23:Infinity":9,"s:24:18:24:Infinity":10,"f:24:32:24:33":4,"s:24:39:24:70":11,"s:25:2:25:Infinity":12,"f:28:16:28:37":5,"s:29:2:34:Infinity":13,"f:37:16:37:29":6,"s:38:26:38:Infinity":14,"b:38:26:38:61:38:61:38:Infinity":0,"s:39:25:39:Infinity":15,"b:39:25:39:59:39:59:39:Infinity":1,"s:40:2:40:Infinity":16,"f:43:16:43:42":7,"s:44:15:44:Infinity":17,"b:44:15:44:52:44:52:44:Infinity":2,"b:45:2:45:Infinity:undefined:undefined:undefined:undefined":3,"s:45:2:45:Infinity":18,"s:45:13:45:Infinity":19,"b:46:2:46:Infinity:undefined:undefined:undefined:undefined":4,"s:46:2:46:Infinity":20,"b:46:6:46:32:46:32:46:57":5,"s:46:57:46:Infinity":21,"s:47:2:47:Infinity":22,"f:50:16:50:40":8,"b:51:2:68:Infinity:undefined:undefined:undefined:undefined":6,"s:51:2:68:Infinity":23,"b:51:6:51:28:51:28:51:48":7,"b:53:4:53:Infinity:undefined:undefined:undefined:undefined":8,"s:53:4:53:Infinity":24,"s:53:20:53:Infinity":25,"b:54:4:54:Infinity:undefined:undefined:undefined:undefined":9,"s:54:4:54:Infinity":26,"s:54:23:54:Infinity":27,"b:55:4:55:Infinity:undefined:undefined:undefined:undefined":10,"s:55:4:55:Infinity":28,"s:55:23:55:Infinity":29,"b:56:4:56:Infinity:undefined:undefined:undefined:undefined":11,"s:56:4:56:Infinity":30,"s:56:24:56:Infinity":31,"b:57:4:57:Infinity:undefined:undefined:undefined:undefined":12,"s:57:4:57:Infinity":32,"s:57:24:57:Infinity":33,"b:58:4:58:Infinity:undefined:undefined:undefined:undefined":13,"s:58:4:58:Infinity":34,"s:58:24:58:Infinity":35,"b:59:4:59:Infinity:undefined:undefined:undefined:undefined":14,"s:59:4:59:Infinity":36,"s:59:24:59:Infinity":37,"b:60:4:60:Infinity:undefined:undefined:undefined:undefined":15,"s:60:4:60:Infinity":38,"s:60:24:60:Infinity":39,"b:61:4:61:Infinity:undefined:undefined:undefined:undefined":16,"s:61:4:61:Infinity":40,"s:61:24:61:Infinity":41,"b:62:4:62:Infinity:undefined:undefined:undefined:undefined":17,"s:62:4:62:Infinity":42,"s:62:25:62:Infinity":43,"b:63:4:63:Infinity:undefined:undefined:undefined:undefined":18,"s:63:4:63:Infinity":44,"s:63:25:63:Infinity":45,"b:64:4:64:Infinity:undefined:undefined:undefined:undefined":19,"s:64:4:64:Infinity":46,"s:64:25:64:Infinity":47,"b:65:4:65:Infinity:undefined:undefined:undefined:undefined":20,"s:65:4:65:Infinity":48,"s:65:25:65:Infinity":49,"b:66:4:66:Infinity:undefined:undefined:undefined:undefined":21,"s:66:4:66:Infinity":50,"s:66:25:66:Infinity":51,"s:67:4:67:Infinity":52,"b:71:2:71:Infinity:undefined:undefined:undefined:undefined":22,"s:71:2:71:Infinity":53,"s:71:19:71:Infinity":54,"b:72:2:72:Infinity:undefined:undefined:undefined:undefined":23,"s:72:2:72:Infinity":55,"s:72:20:72:Infinity":56,"b:73:2:73:Infinity:undefined:undefined:undefined:undefined":24,"s:73:2:73:Infinity":57,"s:73:20:73:Infinity":58,"b:74:2:74:Infinity:undefined:undefined:undefined:undefined":25,"s:74:2:74:Infinity":59,"s:74:21:74:Infinity":60,"b:75:2:75:Infinity:undefined:undefined:undefined:undefined":26,"s:75:2:75:Infinity":61,"s:75:21:75:Infinity":62,"s:76:2:76:Infinity":63},"fnNames":{}}}
}
